<?xml version="1.0" encoding="UTF-8"?>
<!-- Generated by org.testng.reporters.JUnitXMLReporter -->
<testsuite ignored="0" hostname="DESKTOP-B4RJ235" failures="0" tests="3" name="my tests2" time="0.071" errors="0" timestamp="2024-06-30T11:53:56 IST">
  <testcase classname="com.testngproject.demo2.C1" name="abc" time="0.008"/>
  <testcase classname="com.testngproject.demo2.C2" name="xyz" time="0.004"/>
  <testcase classname="com.testngproject.demo2.C3" name="pqr" time="0.005"/>
</testsuite> <!-- my tests2 -->
