<?xml version="1.0" encoding="UTF-8"?>
<!-- Generated by org.testng.reporters.JUnitXMLReporter -->
<testsuite ignored="0" hostname="DESKTOP-B4RJ235" failures="0" tests="3" name="my tests1" time="0.098" errors="0" timestamp="2024-06-30T11:53:55 IST">
  <testcase classname="com.testngproject.demo2.C1" name="abc" time="0.017"/>
  <testcase classname="com.testngproject.demo2.C2" name="xyz" time="0.003"/>
  <testcase classname="com.testngproject.demo2.C3" name="pqr" time="0.005"/>
</testsuite> <!-- my tests1 -->
