<?xml version="1.0" encoding="UTF-8"?>
<!-- Generated by org.testng.reporters.JUnitXMLReporter -->
<testsuite ignored="6" hostname="DESKTOP-B4RJ235" failures="0" tests="2" name="groupintests" time="0.112" errors="0" timestamp="2024-07-05T11:04:38 IST">
  <testcase classname="com.groupingconcept.demo.PaymentTest" name="paymentinRupees" time="0.021"/>
  <testcase classname="com.groupingconcept.demo.PaymentTest" name="paymentinDollars" time="0.003"/>
  <testcase classname="com.groupingconcept.demo.SignupTest" name="signupByTwitter" time="0.0">
    <ignored/>
  </testcase> <!-- signupByTwitter -->
  <testcase classname="com.groupingconcept.demo.LoginTest" name="loginByEmail" time="0.0">
    <ignored/>
  </testcase> <!-- loginByEmail -->
  <testcase classname="com.groupingconcept.demo.SignupTest" name="signupByEmail" time="0.0">
    <ignored/>
  </testcase> <!-- signupByEmail -->
  <testcase classname="com.groupingconcept.demo.LoginTest" name="loginByTwitter" time="0.0">
    <ignored/>
  </testcase> <!-- loginByTwitter -->
  <testcase classname="com.groupingconcept.demo.LoginTest" name="loginByFacebook" time="0.0">
    <ignored/>
  </testcase> <!-- loginByFacebook -->
  <testcase classname="com.groupingconcept.demo.SignupTest" name="signupByFacebook" time="0.0">
    <ignored/>
  </testcase> <!-- signupByFacebook -->
</testsuite> <!-- groupintests -->
