<?xml version="1.0" encoding="UTF-8"?>
<!-- Generated by org.testng.reporters.JUnitXMLReporter -->
<testsuite ignored="0" hostname="DESKTOP-B4RJ235" failures="0" tests="3" name="ChromeTest" time="21.237" errors="0" timestamp="2024-07-12T10:47:20 IST">
  <testcase classname="com.paralleltesting.demo.Paramtest" name="testLogo" time="0.225"/>
  <testcase classname="com.paralleltesting.demo.Paramtest" name="testTitle" time="0.07"/>
  <testcase classname="com.paralleltesting.demo.Paramtest" name="testUrl" time="0.024"/>
</testsuite> <!-- ChromeTest -->
