<?xml version="1.0" encoding="UTF-8"?>
<!-- Generated by org.testng.reporters.JUnitXMLReporter -->
<testsuite ignored="0" hostname="DESKTOP-B4RJ235" failures="0" tests="3" name="EdgeTest" time="34.844" errors="0" timestamp="2024-07-12T10:47:33 IST">
  <testcase classname="com.paralleltesting.demo.Paramtest" name="testLogo" time="0.086"/>
  <testcase classname="com.paralleltesting.demo.Paramtest" name="testTitle" time="0.023"/>
  <testcase classname="com.paralleltesting.demo.Paramtest" name="testUrl" time="0.025"/>
</testsuite> <!-- EdgeTest -->
