<?xml version="1.0" encoding="UTF-8"?>
<!-- Generated by org.testng.reporters.JUnitXMLReporter -->
<testsuite ignored="0" hostname="DESKTOP-B4RJ235" failures="0" tests="3" name="FirefoxTest" time="33.568" errors="0" timestamp="2024-07-12T10:47:32 IST">
  <testcase classname="com.paralleltesting.demo.Paramtest" name="testLogo" time="0.067"/>
  <testcase classname="com.paralleltesting.demo.Paramtest" name="testTitle" time="0.018"/>
  <testcase classname="com.paralleltesting.demo.Paramtest" name="testUrl" time="0.017"/>
</testsuite> <!-- FirefoxTest -->
